<?xml version="1.0" encoding="UTF-8"?>
<!-- Generated by org.testng.reporters.JUnitXMLReporter -->
<testsuite ignored="0" hostname="DESKTOP-QCSTRKG" failures="0" tests="6" name="Default test" time="68.973" errors="0" timestamp="2026-06-12T08:38:28 IST">
  <testcase classname="testcases.JPetStoreTest" name="verifyRegistration" time="4.812"/>
  <testcase classname="testcases.JPetStoreTest" name="verifyLogin" time="3.015"/>
  <testcase classname="testcases.JPetStoreTest" name="verifyFishCategory" time="3.096"/>
  <testcase classname="testcases.JPetStoreTest" name="verifyAddToCart" time="7.534"/>
  <testcase classname="testcases.JPetStoreTest" name="verifyRemoveFromCart" time="7.01"/>
  <testcase classname="testcases.JPetStoreTest" name="endToEndFlow" time="10.429"/>
</testsuite> <!-- Default test -->
