<?xml version="1.0" encoding="UTF-8"?>
<!-- Generated by org.testng.reporters.JUnitXMLReporter -->
<testsuite ignored="0" hostname="DESKTOP-QCSTRKG" failures="0" tests="6" name="Default test" time="56.587" errors="0" timestamp="2026-06-20T20:44:08 IST">
  <testcase classname="testcases.JPetStoreTest" name="verifyRegistration" time="4.253"/>
  <testcase classname="testcases.JPetStoreTest" name="verifyLogin" time="3.107"/>
  <testcase classname="testcases.JPetStoreTest" name="verifyFishCategory" time="3.178"/>
  <testcase classname="testcases.JPetStoreTest" name="verifyAddToCart" time="7.411"/>
  <testcase classname="testcases.JPetStoreTest" name="verifyRemoveFromCart" time="6.53"/>
  <testcase classname="testcases.JPetStoreTest" name="endToEndFlow" time="10.102"/>
</testsuite> <!-- Default test -->
