<?xml version="1.0" encoding="UTF-8"?>
<!-- Generated by org.testng.reporters.JUnitXMLReporter -->
<testsuite ignored="0" hostname="DESKTOP-QCSTRKG" failures="0" tests="6" name="Test" time="85.715" errors="0" timestamp="2026-06-12T14:40:40 IST">
  <testcase classname="testcases.JPetStoreTest" name="verifyRegistration" time="7.371"/>
  <testcase classname="testcases.JPetStoreTest" name="verifyLogin" time="3.685"/>
  <testcase classname="testcases.JPetStoreTest" name="verifyFishCategory" time="4.681"/>
  <testcase classname="testcases.JPetStoreTest" name="verifyAddToCart" time="8.363"/>
  <testcase classname="testcases.JPetStoreTest" name="verifyRemoveFromCart" time="9.401"/>
  <testcase classname="testcases.JPetStoreTest" name="endToEndFlow" time="12.261"/>
</testsuite> <!-- Test -->
