<?xml version="1.0" encoding="UTF-8"?>
<testng-results ignored="0" total="6" passed="6" failed="0" skipped="0">
  <reporter-output>
  </reporter-output>
  <suite started-at="2026-06-20T20:43:11 IST" name="Default suite" finished-at="2026-06-20T20:44:08 IST" duration-ms="56587">
    <groups>
    </groups>
    <test started-at="2026-06-20T20:43:11 IST" name="Default test" finished-at="2026-06-20T20:44:08 IST" duration-ms="56587">
      <class name="testcases.JPetStoreTest">
        <test-method is-config="true" signature="setupReport()[pri:0, instance:testcases.JPetStoreTest@26794848]" started-at="2026-06-20T20:43:11 IST" name="setupReport" finished-at="2026-06-20T20:43:11 IST" duration-ms="217" status="PASS">
          <reporter-output>
          </reporter-output>
        </test-method> <!-- setupReport -->
        <test-method is-config="true" signature="initialize_n_OpenBrowser(java.lang.reflect.Method)[pri:0, instance:testcases.JPetStoreTest@26794848]" started-at="2026-06-20T20:43:11 IST" name="initialize_n_OpenBrowser" finished-at="2026-06-20T20:43:15 IST" duration-ms="3647" status="PASS">
          <params>
            <param index="0">
              <value>
                <![CDATA[public void testcases.JPetStoreTest.verifyRegistration() throws java.lang.Exception]]>
              </value>
            </param>
          </params>
          <reporter-output>
          </reporter-output>
        </test-method> <!-- initialize_n_OpenBrowser -->
        <test-method signature="verifyRegistration()[pri:1, instance:testcases.JPetStoreTest@26794848]" started-at="2026-06-20T20:43:15 IST" name="verifyRegistration" finished-at="2026-06-20T20:43:19 IST" duration-ms="4253" status="PASS">
          <reporter-output>
          </reporter-output>
        </test-method> <!-- verifyRegistration -->
        <test-method is-config="true" signature="tearDown(org.testng.ITestResult)[pri:0, instance:testcases.JPetStoreTest@26794848]" started-at="2026-06-20T20:43:19 IST" name="tearDown" finished-at="2026-06-20T20:43:20 IST" duration-ms="562" status="PASS">
          <params>
            <param index="0">
              <value>
                <![CDATA[[TestResult name=verifyRegistration status=SUCCESS method=JPetStoreTest.verifyRegistration()[pri:1, instance:testcases.JPetStoreTest@26794848] output={null}]]]>
              </value>
            </param>
          </params>
          <reporter-output>
          </reporter-output>
        </test-method> <!-- tearDown -->
        <test-method is-config="true" signature="initialize_n_OpenBrowser(java.lang.reflect.Method)[pri:0, instance:testcases.JPetStoreTest@26794848]" started-at="2026-06-20T20:43:20 IST" name="initialize_n_OpenBrowser" finished-at="2026-06-20T20:43:23 IST" duration-ms="3483" status="PASS">
          <params>
            <param index="0">
              <value>
                <![CDATA[public void testcases.JPetStoreTest.verifyLogin() throws java.lang.Exception]]>
              </value>
            </param>
          </params>
          <reporter-output>
          </reporter-output>
        </test-method> <!-- initialize_n_OpenBrowser -->
        <test-method signature="verifyLogin()[pri:2, instance:testcases.JPetStoreTest@26794848]" started-at="2026-06-20T20:43:23 IST" name="verifyLogin" finished-at="2026-06-20T20:43:26 IST" duration-ms="3107" status="PASS">
          <reporter-output>
          </reporter-output>
        </test-method> <!-- verifyLogin -->
        <test-method is-config="true" signature="tearDown(org.testng.ITestResult)[pri:0, instance:testcases.JPetStoreTest@26794848]" started-at="2026-06-20T20:43:26 IST" name="tearDown" finished-at="2026-06-20T20:43:27 IST" duration-ms="424" status="PASS">
          <params>
            <param index="0">
              <value>
                <![CDATA[[TestResult name=verifyLogin status=SUCCESS method=JPetStoreTest.verifyLogin()[pri:2, instance:testcases.JPetStoreTest@26794848] output={null}]]]>
              </value>
            </param>
          </params>
          <reporter-output>
          </reporter-output>
        </test-method> <!-- tearDown -->
        <test-method is-config="true" signature="initialize_n_OpenBrowser(java.lang.reflect.Method)[pri:0, instance:testcases.JPetStoreTest@26794848]" started-at="2026-06-20T20:43:27 IST" name="initialize_n_OpenBrowser" finished-at="2026-06-20T20:43:30 IST" duration-ms="3106" status="PASS">
          <params>
            <param index="0">
              <value>
                <![CDATA[public void testcases.JPetStoreTest.verifyFishCategory() throws java.lang.Exception]]>
              </value>
            </param>
          </params>
          <reporter-output>
          </reporter-output>
        </test-method> <!-- initialize_n_OpenBrowser -->
        <test-method signature="verifyFishCategory()[pri:3, instance:testcases.JPetStoreTest@26794848]" started-at="2026-06-20T20:43:30 IST" name="verifyFishCategory" finished-at="2026-06-20T20:43:33 IST" duration-ms="3178" status="PASS">
          <reporter-output>
          </reporter-output>
        </test-method> <!-- verifyFishCategory -->
        <test-method is-config="true" signature="tearDown(org.testng.ITestResult)[pri:0, instance:testcases.JPetStoreTest@26794848]" started-at="2026-06-20T20:43:33 IST" name="tearDown" finished-at="2026-06-20T20:43:33 IST" duration-ms="440" status="PASS">
          <params>
            <param index="0">
              <value>
                <![CDATA[[TestResult name=verifyFishCategory status=SUCCESS method=JPetStoreTest.verifyFishCategory()[pri:3, instance:testcases.JPetStoreTest@26794848] output={null}]]]>
              </value>
            </param>
          </params>
          <reporter-output>
          </reporter-output>
        </test-method> <!-- tearDown -->
        <test-method is-config="true" signature="initialize_n_OpenBrowser(java.lang.reflect.Method)[pri:0, instance:testcases.JPetStoreTest@26794848]" started-at="2026-06-20T20:43:33 IST" name="initialize_n_OpenBrowser" finished-at="2026-06-20T20:43:36 IST" duration-ms="2915" status="PASS">
          <params>
            <param index="0">
              <value>
                <![CDATA[public void testcases.JPetStoreTest.verifyAddToCart() throws java.lang.Exception]]>
              </value>
            </param>
          </params>
          <reporter-output>
          </reporter-output>
        </test-method> <!-- initialize_n_OpenBrowser -->
        <test-method signature="verifyAddToCart()[pri:4, instance:testcases.JPetStoreTest@26794848]" started-at="2026-06-20T20:43:36 IST" name="verifyAddToCart" finished-at="2026-06-20T20:43:44 IST" duration-ms="7411" status="PASS">
          <reporter-output>
          </reporter-output>
        </test-method> <!-- verifyAddToCart -->
        <test-method is-config="true" signature="tearDown(org.testng.ITestResult)[pri:0, instance:testcases.JPetStoreTest@26794848]" started-at="2026-06-20T20:43:44 IST" name="tearDown" finished-at="2026-06-20T20:43:44 IST" duration-ms="545" status="PASS">
          <params>
            <param index="0">
              <value>
                <![CDATA[[TestResult name=verifyAddToCart status=SUCCESS method=JPetStoreTest.verifyAddToCart()[pri:4, instance:testcases.JPetStoreTest@26794848] output={null}]]]>
              </value>
            </param>
          </params>
          <reporter-output>
          </reporter-output>
        </test-method> <!-- tearDown -->
        <test-method is-config="true" signature="initialize_n_OpenBrowser(java.lang.reflect.Method)[pri:0, instance:testcases.JPetStoreTest@26794848]" started-at="2026-06-20T20:43:44 IST" name="initialize_n_OpenBrowser" finished-at="2026-06-20T20:43:47 IST" duration-ms="2884" status="PASS">
          <params>
            <param index="0">
              <value>
                <![CDATA[public void testcases.JPetStoreTest.verifyRemoveFromCart() throws java.lang.Exception]]>
              </value>
            </param>
          </params>
          <reporter-output>
          </reporter-output>
        </test-method> <!-- initialize_n_OpenBrowser -->
        <test-method signature="verifyRemoveFromCart()[pri:5, instance:testcases.JPetStoreTest@26794848]" started-at="2026-06-20T20:43:47 IST" name="verifyRemoveFromCart" finished-at="2026-06-20T20:43:54 IST" duration-ms="6530" status="PASS">
          <reporter-output>
          </reporter-output>
        </test-method> <!-- verifyRemoveFromCart -->
        <test-method is-config="true" signature="tearDown(org.testng.ITestResult)[pri:0, instance:testcases.JPetStoreTest@26794848]" started-at="2026-06-20T20:43:54 IST" name="tearDown" finished-at="2026-06-20T20:43:54 IST" duration-ms="447" status="PASS">
          <params>
            <param index="0">
              <value>
                <![CDATA[[TestResult name=verifyRemoveFromCart status=SUCCESS method=JPetStoreTest.verifyRemoveFromCart()[pri:5, instance:testcases.JPetStoreTest@26794848] output={null}]]]>
              </value>
            </param>
          </params>
          <reporter-output>
          </reporter-output>
        </test-method> <!-- tearDown -->
        <test-method is-config="true" signature="initialize_n_OpenBrowser(java.lang.reflect.Method)[pri:0, instance:testcases.JPetStoreTest@26794848]" started-at="2026-06-20T20:43:54 IST" name="initialize_n_OpenBrowser" finished-at="2026-06-20T20:43:57 IST" duration-ms="3065" status="PASS">
          <params>
            <param index="0">
              <value>
                <![CDATA[public void testcases.JPetStoreTest.endToEndFlow() throws java.lang.Exception]]>
              </value>
            </param>
          </params>
          <reporter-output>
          </reporter-output>
        </test-method> <!-- initialize_n_OpenBrowser -->
        <test-method signature="endToEndFlow()[pri:6, instance:testcases.JPetStoreTest@26794848]" started-at="2026-06-20T20:43:57 IST" name="endToEndFlow" finished-at="2026-06-20T20:44:07 IST" duration-ms="10102" status="PASS">
          <reporter-output>
          </reporter-output>
        </test-method> <!-- endToEndFlow -->
        <test-method is-config="true" signature="tearDown(org.testng.ITestResult)[pri:0, instance:testcases.JPetStoreTest@26794848]" started-at="2026-06-20T20:44:07 IST" name="tearDown" finished-at="2026-06-20T20:44:08 IST" duration-ms="449" status="PASS">
          <params>
            <param index="0">
              <value>
                <![CDATA[[TestResult name=endToEndFlow status=SUCCESS method=JPetStoreTest.endToEndFlow()[pri:6, instance:testcases.JPetStoreTest@26794848] output={null}]]]>
              </value>
            </param>
          </params>
          <reporter-output>
          </reporter-output>
        </test-method> <!-- tearDown -->
        <test-method is-config="true" signature="flushReport()[pri:0, instance:testcases.JPetStoreTest@26794848]" started-at="2026-06-20T20:44:08 IST" name="flushReport" finished-at="2026-06-20T20:44:08 IST" duration-ms="256" status="PASS">
          <reporter-output>
          </reporter-output>
        </test-method> <!-- flushReport -->
      </class> <!-- testcases.JPetStoreTest -->
    </test> <!-- Default test -->
  </suite> <!-- Default suite -->
</testng-results>
