<?xml version="1.0" encoding="UTF-8"?>
<testng-results ignored="0" total="6" passed="6" failed="0" skipped="0">
  <reporter-output>
  </reporter-output>
  <suite started-at="2026-06-12T14:39:14 IST" name="Suite" finished-at="2026-06-12T14:40:40 IST" duration-ms="85715">
    <groups>
    </groups>
    <test started-at="2026-06-12T14:39:14 IST" name="Test" finished-at="2026-06-12T14:40:40 IST" duration-ms="85715">
      <class name="testcases.JPetStoreTest">
        <test-method is-config="true" signature="setupReport()[pri:0, instance:testcases.JPetStoreTest@26794848]" started-at="2026-06-12T14:39:14 IST" name="setupReport" finished-at="2026-06-12T14:39:14 IST" duration-ms="202" status="PASS">
          <reporter-output>
          </reporter-output>
        </test-method> <!-- setupReport -->
        <test-method is-config="true" signature="initialize_n_OpenBrowser(java.lang.reflect.Method)[pri:0, instance:testcases.JPetStoreTest@26794848]" started-at="2026-06-12T14:39:14 IST" name="initialize_n_OpenBrowser" finished-at="2026-06-12T14:39:20 IST" duration-ms="6080" status="PASS">
          <params>
            <param index="0">
              <value>
                <![CDATA[public void testcases.JPetStoreTest.verifyRegistration() throws java.lang.Exception]]>
              </value>
            </param>
          </params>
          <reporter-output>
          </reporter-output>
        </test-method> <!-- initialize_n_OpenBrowser -->
        <test-method signature="verifyRegistration()[pri:1, instance:testcases.JPetStoreTest@26794848]" started-at="2026-06-12T14:39:20 IST" name="verifyRegistration" finished-at="2026-06-12T14:39:28 IST" duration-ms="7371" status="PASS">
          <reporter-output>
          </reporter-output>
        </test-method> <!-- verifyRegistration -->
        <test-method is-config="true" signature="tearDown(org.testng.ITestResult)[pri:0, instance:testcases.JPetStoreTest@26794848]" started-at="2026-06-12T14:39:28 IST" name="tearDown" finished-at="2026-06-12T14:39:29 IST" duration-ms="1021" status="PASS">
          <params>
            <param index="0">
              <value>
                <![CDATA[[TestResult name=verifyRegistration status=SUCCESS method=JPetStoreTest.verifyRegistration()[pri:1, instance:testcases.JPetStoreTest@26794848] output={null}]]]>
              </value>
            </param>
          </params>
          <reporter-output>
          </reporter-output>
        </test-method> <!-- tearDown -->
        <test-method is-config="true" signature="initialize_n_OpenBrowser(java.lang.reflect.Method)[pri:0, instance:testcases.JPetStoreTest@26794848]" started-at="2026-06-12T14:39:29 IST" name="initialize_n_OpenBrowser" finished-at="2026-06-12T14:39:34 IST" duration-ms="5374" status="PASS">
          <params>
            <param index="0">
              <value>
                <![CDATA[public void testcases.JPetStoreTest.verifyLogin() throws java.lang.Exception]]>
              </value>
            </param>
          </params>
          <reporter-output>
          </reporter-output>
        </test-method> <!-- initialize_n_OpenBrowser -->
        <test-method signature="verifyLogin()[pri:2, instance:testcases.JPetStoreTest@26794848]" started-at="2026-06-12T14:39:34 IST" name="verifyLogin" finished-at="2026-06-12T14:39:38 IST" duration-ms="3685" status="PASS">
          <reporter-output>
          </reporter-output>
        </test-method> <!-- verifyLogin -->
        <test-method is-config="true" signature="tearDown(org.testng.ITestResult)[pri:0, instance:testcases.JPetStoreTest@26794848]" started-at="2026-06-12T14:39:38 IST" name="tearDown" finished-at="2026-06-12T14:39:39 IST" duration-ms="1306" status="PASS">
          <params>
            <param index="0">
              <value>
                <![CDATA[[TestResult name=verifyLogin status=SUCCESS method=JPetStoreTest.verifyLogin()[pri:2, instance:testcases.JPetStoreTest@26794848] output={null}]]]>
              </value>
            </param>
          </params>
          <reporter-output>
          </reporter-output>
        </test-method> <!-- tearDown -->
        <test-method is-config="true" signature="initialize_n_OpenBrowser(java.lang.reflect.Method)[pri:0, instance:testcases.JPetStoreTest@26794848]" started-at="2026-06-12T14:39:39 IST" name="initialize_n_OpenBrowser" finished-at="2026-06-12T14:39:44 IST" duration-ms="5225" status="PASS">
          <params>
            <param index="0">
              <value>
                <![CDATA[public void testcases.JPetStoreTest.verifyFishCategory() throws java.lang.Exception]]>
              </value>
            </param>
          </params>
          <reporter-output>
          </reporter-output>
        </test-method> <!-- initialize_n_OpenBrowser -->
        <test-method signature="verifyFishCategory()[pri:3, instance:testcases.JPetStoreTest@26794848]" started-at="2026-06-12T14:39:44 IST" name="verifyFishCategory" finished-at="2026-06-12T14:39:49 IST" duration-ms="4681" status="PASS">
          <reporter-output>
          </reporter-output>
        </test-method> <!-- verifyFishCategory -->
        <test-method is-config="true" signature="tearDown(org.testng.ITestResult)[pri:0, instance:testcases.JPetStoreTest@26794848]" started-at="2026-06-12T14:39:49 IST" name="tearDown" finished-at="2026-06-12T14:39:50 IST" duration-ms="961" status="PASS">
          <params>
            <param index="0">
              <value>
                <![CDATA[[TestResult name=verifyFishCategory status=SUCCESS method=JPetStoreTest.verifyFishCategory()[pri:3, instance:testcases.JPetStoreTest@26794848] output={null}]]]>
              </value>
            </param>
          </params>
          <reporter-output>
          </reporter-output>
        </test-method> <!-- tearDown -->
        <test-method is-config="true" signature="initialize_n_OpenBrowser(java.lang.reflect.Method)[pri:0, instance:testcases.JPetStoreTest@26794848]" started-at="2026-06-12T14:39:50 IST" name="initialize_n_OpenBrowser" finished-at="2026-06-12T14:39:55 IST" duration-ms="5372" status="PASS">
          <params>
            <param index="0">
              <value>
                <![CDATA[public void testcases.JPetStoreTest.verifyAddToCart() throws java.lang.Exception]]>
              </value>
            </param>
          </params>
          <reporter-output>
          </reporter-output>
        </test-method> <!-- initialize_n_OpenBrowser -->
        <test-method signature="verifyAddToCart()[pri:4, instance:testcases.JPetStoreTest@26794848]" started-at="2026-06-12T14:39:55 IST" name="verifyAddToCart" finished-at="2026-06-12T14:40:04 IST" duration-ms="8363" status="PASS">
          <reporter-output>
          </reporter-output>
        </test-method> <!-- verifyAddToCart -->
        <test-method is-config="true" signature="tearDown(org.testng.ITestResult)[pri:0, instance:testcases.JPetStoreTest@26794848]" started-at="2026-06-12T14:40:04 IST" name="tearDown" finished-at="2026-06-12T14:40:05 IST" duration-ms="961" status="PASS">
          <params>
            <param index="0">
              <value>
                <![CDATA[[TestResult name=verifyAddToCart status=SUCCESS method=JPetStoreTest.verifyAddToCart()[pri:4, instance:testcases.JPetStoreTest@26794848] output={null}]]]>
              </value>
            </param>
          </params>
          <reporter-output>
          </reporter-output>
        </test-method> <!-- tearDown -->
        <test-method is-config="true" signature="initialize_n_OpenBrowser(java.lang.reflect.Method)[pri:0, instance:testcases.JPetStoreTest@26794848]" started-at="2026-06-12T14:40:05 IST" name="initialize_n_OpenBrowser" finished-at="2026-06-12T14:40:10 IST" duration-ms="5323" status="PASS">
          <params>
            <param index="0">
              <value>
                <![CDATA[public void testcases.JPetStoreTest.verifyRemoveFromCart() throws java.lang.Exception]]>
              </value>
            </param>
          </params>
          <reporter-output>
          </reporter-output>
        </test-method> <!-- initialize_n_OpenBrowser -->
        <test-method signature="verifyRemoveFromCart()[pri:5, instance:testcases.JPetStoreTest@26794848]" started-at="2026-06-12T14:40:10 IST" name="verifyRemoveFromCart" finished-at="2026-06-12T14:40:19 IST" duration-ms="9401" status="PASS">
          <reporter-output>
          </reporter-output>
        </test-method> <!-- verifyRemoveFromCart -->
        <test-method is-config="true" signature="tearDown(org.testng.ITestResult)[pri:0, instance:testcases.JPetStoreTest@26794848]" started-at="2026-06-12T14:40:19 IST" name="tearDown" finished-at="2026-06-12T14:40:21 IST" duration-ms="1264" status="PASS">
          <params>
            <param index="0">
              <value>
                <![CDATA[[TestResult name=verifyRemoveFromCart status=SUCCESS method=JPetStoreTest.verifyRemoveFromCart()[pri:5, instance:testcases.JPetStoreTest@26794848] output={null}]]]>
              </value>
            </param>
          </params>
          <reporter-output>
          </reporter-output>
        </test-method> <!-- tearDown -->
        <test-method is-config="true" signature="initialize_n_OpenBrowser(java.lang.reflect.Method)[pri:0, instance:testcases.JPetStoreTest@26794848]" started-at="2026-06-12T14:40:21 IST" name="initialize_n_OpenBrowser" finished-at="2026-06-12T14:40:27 IST" duration-ms="5779" status="PASS">
          <params>
            <param index="0">
              <value>
                <![CDATA[public void testcases.JPetStoreTest.endToEndFlow() throws java.lang.Exception]]>
              </value>
            </param>
          </params>
          <reporter-output>
          </reporter-output>
        </test-method> <!-- initialize_n_OpenBrowser -->
        <test-method signature="endToEndFlow()[pri:6, instance:testcases.JPetStoreTest@26794848]" started-at="2026-06-12T14:40:27 IST" name="endToEndFlow" finished-at="2026-06-12T14:40:39 IST" duration-ms="12261" status="PASS">
          <reporter-output>
          </reporter-output>
        </test-method> <!-- endToEndFlow -->
        <test-method is-config="true" signature="tearDown(org.testng.ITestResult)[pri:0, instance:testcases.JPetStoreTest@26794848]" started-at="2026-06-12T14:40:39 IST" name="tearDown" finished-at="2026-06-12T14:40:40 IST" duration-ms="1220" status="PASS">
          <params>
            <param index="0">
              <value>
                <![CDATA[[TestResult name=endToEndFlow status=SUCCESS method=JPetStoreTest.endToEndFlow()[pri:6, instance:testcases.JPetStoreTest@26794848] output={null}]]]>
              </value>
            </param>
          </params>
          <reporter-output>
          </reporter-output>
        </test-method> <!-- tearDown -->
        <test-method is-config="true" signature="flushReport()[pri:0, instance:testcases.JPetStoreTest@26794848]" started-at="2026-06-12T14:40:40 IST" name="flushReport" finished-at="2026-06-12T14:40:40 IST" duration-ms="242" status="PASS">
          <reporter-output>
          </reporter-output>
        </test-method> <!-- flushReport -->
      </class> <!-- testcases.JPetStoreTest -->
    </test> <!-- Test -->
  </suite> <!-- Suite -->
</testng-results>
