<?xml version="1.0" encoding="UTF-8"?>
<!-- Generated by org.testng.reporters.JUnitReportReporter -->
<testsuite hostname="DESKTOP-QCSTRKG" failures="0" tests="6" name="testcases.JPetStoreTest" time="56.548" errors="0" timestamp="2026-06-20T20:44:08 IST" skipped="0">
  <testcase classname="testcases.JPetStoreTest" name="verifyRegistration" time="8.349"/>
  <testcase classname="testcases.JPetStoreTest" name="verifyLogin" time="6.469"/>
  <testcase classname="testcases.JPetStoreTest" name="verifyFishCategory" time="6.624"/>
  <testcase classname="testcases.JPetStoreTest" name="verifyAddToCart" time="10.957"/>
  <testcase classname="testcases.JPetStoreTest" name="verifyRemoveFromCart" time="10.558"/>
  <testcase classname="testcases.JPetStoreTest" name="endToEndFlow" time="13.591"/>
</testsuite> <!-- testcases.JPetStoreTest -->
