<?xml version="1.0" encoding="UTF-8"?>
<!-- Generated by org.testng.reporters.JUnitReportReporter -->
<testsuite hostname="DESKTOP-QCSTRKG" failures="0" tests="6" name="testcases.JPetStoreTest" time="85.648" errors="0" timestamp="2026-06-12T14:40:40 IST" skipped="0">
  <testcase classname="testcases.JPetStoreTest" name="verifyRegistration" time="14.757"/>
  <testcase classname="testcases.JPetStoreTest" name="verifyLogin" time="10.228"/>
  <testcase classname="testcases.JPetStoreTest" name="verifyFishCategory" time="11.724"/>
  <testcase classname="testcases.JPetStoreTest" name="verifyAddToCart" time="14.756"/>
  <testcase classname="testcases.JPetStoreTest" name="verifyRemoveFromCart" time="15.736"/>
  <testcase classname="testcases.JPetStoreTest" name="endToEndFlow" time="18.447"/>
</testsuite> <!-- testcases.JPetStoreTest -->
